Loading tidyverse: ggplot2
Loading tidyverse: tibble
Loading tidyverse: tidyr
Loading tidyverse: readr
Loading tidyverse: purrr
Loading tidyverse: dplyr
Conflicts with tidy packages ---------------------------------------------------
filter(): dplyr, stats
lag():    dplyr, stats
Welcome to rtweet v0.4.0!
Setting scopes to https://www.googleapis.com/auth/cloud-platform
If you need additional scopes set do so via options(googleAuthR.scopes.selected = c('scope1', 'scope2')) before loading library and include one required scope.
your tweet has been posted!
Loading required package: tidyverse
Loading tidyverse: ggplot2
Loading tidyverse: tibble
Loading tidyverse: tidyr
Loading tidyverse: readr
Loading tidyverse: purrr
Loading tidyverse: dplyr
Conflicts with tidy packages ---------------------------------------------------
filter(): dplyr, stats
lag():    dplyr, stats
Loading required package: stringr
Loading required package: rtweet
Welcome to rtweet v0.4.0!
Parsed with column specification:
cols(
  word = col_character(),
  n = col_integer(),
  comma_n = col_integer(),
  comma_prob = col_integer()
)
Parsed with column specification:
cols(
  word = col_character(),
  n = col_integer(),
  comma_n = col_integer(),
  comma_prob = col_integer()
)
Parsed with column specification:
cols(
  word1 = col_character(),
  word2 = col_character(),
  n = col_integer()
)
Parsed with column specification:
cols(
  word1 = col_character(),
  word2 = col_character(),
  word3 = col_character(),
  n = col_integer()
)
your tweet has been posted!
Loading required package: dplyr

Attaching package: 'dplyr'

The following objects are masked from 'package:stats':

    filter, lag

The following objects are masked from 'package:base':

    intersect, setdiff, setequal, union

Loading required package: stringr
Loading required package: rtweet
Welcome to rtweet v0.4.0!
your tweet has been posted!
Loading required package: dplyr

Attaching package: 'dplyr'

The following objects are masked from 'package:stats':

    filter, lag

The following objects are masked from 'package:base':

    intersect, setdiff, setequal, union

Loading required package: stringr
Loading required package: rtweet
Welcome to rtweet v0.4.0!
your tweet has been posted!
Loading required package: dplyr

Attaching package: 'dplyr'

The following objects are masked from 'package:stats':

    filter, lag

The following objects are masked from 'package:base':

    intersect, setdiff, setequal, union

Loading required package: stringr
Loading required package: rtweet
Welcome to rtweet v0.4.0!
your tweet has been posted!
Loading required package: dplyr

Attaching package: 'dplyr'

The following objects are masked from 'package:stats':

    filter, lag

The following objects are masked from 'package:base':

    intersect, setdiff, setequal, union

Loading required package: stringr
Loading required package: rtweet
Welcome to rtweet v0.4.0!
your tweet has been posted!
Loading required package: dplyr

Attaching package: 'dplyr'

The following objects are masked from 'package:stats':

    filter, lag

The following objects are masked from 'package:base':

    intersect, setdiff, setequal, union

Loading required package: stringr
Loading required package: rtweet
Welcome to rtweet v0.4.0!
your tweet has been posted!
Loading required package: dplyr

Attaching package: 'dplyr'

The following objects are masked from 'package:stats':

    filter, lag

The following objects are masked from 'package:base':

    intersect, setdiff, setequal, union

Loading required package: stringr
Loading required package: rtweet
Welcome to rtweet v0.4.0!
your tweet has been posted!
Loading required package: dplyr

Attaching package: 'dplyr'

The following objects are masked from 'package:stats':

    filter, lag

The following objects are masked from 'package:base':

    intersect, setdiff, setequal, union

Loading required package: stringr
Loading required package: rtweet
Welcome to rtweet v0.4.0!
your tweet has been posted!
Loading required package: dplyr

Attaching package: 'dplyr'

The following objects are masked from 'package:stats':

    filter, lag

The following objects are masked from 'package:base':

    intersect, setdiff, setequal, union

Loading required package: stringr
Loading required package: rtweet
Welcome to rtweet v0.4.0!
your tweet has been posted!
Loading required package: dplyr

Attaching package: 'dplyr'

The following objects are masked from 'package:stats':

    filter, lag

The following objects are masked from 'package:base':

    intersect, setdiff, setequal, union

Loading required package: stringr
Loading required package: rtweet
Welcome to rtweet v0.4.0!
your tweet has been posted!
Loading required package: dplyr

Attaching package: 'dplyr'

The following objects are masked from 'package:stats':

    filter, lag

The following objects are masked from 'package:base':

    intersect, setdiff, setequal, union

Loading required package: stringr
Loading required package: rtweet
Welcome to rtweet v0.4.0!
your tweet has been posted!
Loading required package: dplyr

Attaching package: 'dplyr'

The following objects are masked from 'package:stats':

    filter, lag

The following objects are masked from 'package:base':

    intersect, setdiff, setequal, union

Loading required package: stringr
Loading required package: rtweet
Welcome to rtweet v0.4.0!
your tweet has been posted!
